<?xml version="1.0" encoding="UTF-8"?>
<testsuite name="TicTacToeTest" tests="1" skipped="0" failures="0" errors="0" timestamp="2020-09-24T16:20:09" hostname="LAPTOP-MEQFHIJD" time="0.484">
  <properties/>
  <testcase name="start" classname="TicTacToeTest" time="0.484"/>
  <system-out><![CDATA[?[1;31m
Start test 1?[0m
---------
| _ _ _ |
| _ _ _ |
| _ _ _ |
---------
> 4 3
This cell is occupied! Choose another one!
> 3 3
---------
| _ _ X |
| _ _ _ |
| _ _ _ |
---------
> 4 1
This cell is occupied! Choose another one!
> 2 1
---------
| _ _ X |
| _ _ _ |
| _ O _ |
---------
> 1 1
---------
| _ _ X |
| _ _ _ |
| X O _ |
---------
> 4 4
This cell is occupied! Choose another one!
> 4 4
This cell is occupied! Choose another one!
> 2 3
---------
| _ O X |
| _ _ _ |
| X O _ |
---------
> 1 1
This cell is occupied! Choose another one!
> 2 1
This cell is occupied! Choose another one!
> 1 1
This cell is occupied! Choose another one!
> 1 2
---------
| _ O X |
| X _ _ |
| X O _ |
---------
> 1 3
---------
| O O X |
| X _ _ |
| X O _ |
---------
> 2 1
This cell is occupied! Choose another one!
> 2 2
---------
| O O X |
| X X _ |
| X O _ |
---------
1
X wins
?[1;31m
Start test 2?[0m
---------
| _ _ _ |
| _ _ _ |
| _ _ _ |
---------
> 4 1
This cell is occupied! Choose another one!
> 2 4
This cell is occupied! Choose another one!
> 3 3
---------
| _ _ X |
| _ _ _ |
| _ _ _ |
---------
> 1 4
This cell is occupied! Choose another one!
> 1 2
---------
| _ _ X |
| O _ _ |
| _ _ _ |
---------
> 4 1
This cell is occupied! Choose another one!
> 3 2
---------
| _ _ X |
| O _ X |
| _ _ _ |
---------
> 2 4
This cell is occupied! Choose another one!
> 1 1
---------
| _ _ X |
| O _ X |
| O _ _ |
---------
> 2 1
---------
| _ _ X |
| O _ X |
| O X _ |
---------
> 1 4
This cell is occupied! Choose another one!
> 1 2
This cell is occupied! Choose another one!
> 1 3
---------
| O _ X |
| O _ X |
| O X _ |
---------
1
O wins
?[1;31m
Start test 3?[0m
---------
| _ _ _ |
| _ _ _ |
| _ _ _ |
---------
> 3 1
---------
| _ _ _ |
| _ _ _ |
| _ _ X |
---------
> 3 1
This cell is occupied! Choose another one!
> 4 1
This cell is occupied! Choose another one!
> 1 3
---------
| O _ _ |
| _ _ _ |
| _ _ X |
---------
> 3 1
This cell is occupied! Choose another one!
> 1 1
---------
| O _ _ |
| _ _ _ |
| X _ X |
---------
> 3 4
This cell is occupied! Choose another one!
> 4 4
This cell is occupied! Choose another one!
> 3 4
This cell is occupied! Choose another one!
> 2 4
This cell is occupied! Choose another one!
> 1 3
This cell is occupied! Choose another one!
> 2 1
---------
| O _ _ |
| _ _ _ |
| X O X |
---------
> 2 2
---------
| O _ _ |
| _ X _ |
| X O X |
---------
> 2 3
---------
| O O _ |
| _ X _ |
| X O X |
---------
> 3 1
This cell is occupied! Choose another one!
> 3 2
---------
| O O _ |
| _ X X |
| X O X |
---------
> 3 3
---------
| O O O |
| _ X X |
| X O X |
---------
1
O wins
?[1;31m
Start test 4?[0m
---------
| _ _ _ |
| _ _ _ |
| _ _ _ |
---------
> 4 3
This cell is occupied! Choose another one!
> 2 1
---------
| _ _ _ |
| _ _ _ |
| _ X _ |
---------
> 4 1
This cell is occupied! Choose another one!
> 1 1
---------
| _ _ _ |
| _ _ _ |
| O X _ |
---------
> 3 4
This cell is occupied! Choose another one!
> 4 1
This cell is occupied! Choose another one!
> 4 4
This cell is occupied! Choose another one!
> 4 2
This cell is occupied! Choose another one!
> 4 4
This cell is occupied! Choose another one!
> 3 3
---------
| _ _ X |
| _ _ _ |
| O X _ |
---------
> 2 1
This cell is occupied! Choose another one!
> 2 1
This cell is occupied! Choose another one!
> 2 2
---------
| _ _ X |
| _ O _ |
| O X _ |
---------
> 2 3
---------
| _ X X |
| _ O _ |
| O X _ |
---------
> 3 1
---------
| _ X X |
| _ O _ |
| O X O |
---------
> 3 2
---------
| _ X X |
| _ O X |
| O X O |
---------
> 3 3
This cell is occupied! Choose another one!
> 1 1
This cell is occupied! Choose another one!
> 1 2
---------
| _ X X |
| O O X |
| O X O |
---------
> 1 3
---------
| X X X |
| O O X |
| O X O |
---------
1
X wins
?[1;31m
Start test 5?[0m
---------
| _ _ _ |
| _ _ _ |
| _ _ _ |
---------
> 4 1
This cell is occupied! Choose another one!
> 3 3
---------
| _ _ X |
| _ _ _ |
| _ _ _ |
---------
> 2 2
---------
| _ _ X |
| _ O _ |
| _ _ _ |
---------
> 2 3
---------
| _ X X |
| _ O _ |
| _ _ _ |
---------
> 1 1
---------
| _ X X |
| _ O _ |
| O _ _ |
---------
> 1 3
---------
| X X X |
| _ O _ |
| O _ _ |
---------
1
X wins
?[1;31m
Start test 6?[0m
---------
| _ _ _ |
| _ _ _ |
| _ _ _ |
---------
> 4 5
This cell is occupied! Choose another one!
> 1 3
---------
| X _ _ |
| _ _ _ |
| _ _ _ |
---------
> 4 4
This cell is occupied! Choose another one!
> 3 4
This cell is occupied! Choose another one!
> 3 3
---------
| X _ O |
| _ _ _ |
| _ _ _ |
---------
> 1 3
This cell is occupied! Choose another one!
> 4 4
This cell is occupied! Choose another one!
> 1 2
---------
| X _ O |
| X _ _ |
| _ _ _ |
---------
> 3 3
This cell is occupied! Choose another one!
> 1 2
This cell is occupied! Choose another one!
> 2 2
---------
| X _ O |
| X O _ |
| _ _ _ |
---------
> 2 3
---------
| X X O |
| X O _ |
| _ _ _ |
---------
> 3 1
---------
| X X O |
| X O _ |
| _ _ O |
---------
> 3 2
---------
| X X O |
| X O X |
| _ _ O |
---------
> 3 3
This cell is occupied! Choose another one!
> 1 1
---------
| X X O |
| X O X |
| O _ O |
---------
1
O wins
?[1;31m
Start test 7?[0m
---------
| _ _ _ |
| _ _ _ |
| _ _ _ |
---------
> 4 4
This cell is occupied! Choose another one!
> 1 2
---------
| _ _ _ |
| X _ _ |
| _ _ _ |
---------
> 2 1
---------
| _ _ _ |
| X _ _ |
| _ O _ |
---------
> 4 3
This cell is occupied! Choose another one!
> 2 4
This cell is occupied! Choose another one!
> 1 1
---------
| _ _ _ |
| X _ _ |
| X O _ |
---------
> 2 3
---------
| _ O _ |
| X _ _ |
| X O _ |
---------
> 1 2
This cell is occupied! Choose another one!
> 2 4
This cell is occupied! Choose another one!
> 3 2
---------
| _ O _ |
| X _ X |
| X O _ |
---------
> 3 1
---------
| _ O _ |
| X _ X |
| X O O |
---------
> 3 2
This cell is occupied! Choose another one!
> 3 3
---------
| _ O X |
| X _ X |
| X O O |
---------
> 1 1
This cell is occupied! Choose another one!
> 1 2
This cell is occupied! Choose another one!
> 1 3
---------
| O O X |
| X _ X |
| X O O |
---------
> 2 1
This cell is occupied! Choose another one!
> 2 2
---------
| O O X |
| X X X |
| X O O |
---------
2
X wins
?[1;31m
Start test 8?[0m
---------
| _ _ _ |
| _ _ _ |
| _ _ _ |
---------
> 4 7
This cell is occupied! Choose another one!
> 1 1
---------
| _ _ _ |
| _ _ _ |
| X _ _ |
---------
> 4 4
This cell is occupied! Choose another one!
> 3 3
---------
| _ _ O |
| _ _ _ |
| X _ _ |
---------
> 1 4
This cell is occupied! Choose another one!
> 4 3
This cell is occupied! Choose another one!
> 2 3
---------
| _ X O |
| _ _ _ |
| X _ _ |
---------
> 3 3
This cell is occupied! Choose another one!
> 2 2
---------
| _ X O |
| _ O _ |
| X _ _ |
---------
> 2 3
This cell is occupied! Choose another one!
> 2 3
This cell is occupied! Choose another one!
> 3 2
---------
| _ X O |
| _ O X |
| X _ _ |
---------
> 3 3
This cell is occupied! Choose another one!
> 1 1
This cell is occupied! Choose another one!
> 1 2
---------
| _ X O |
| O O X |
| X _ _ |
---------
> 1 3
---------
| X X O |
| O O X |
| X _ _ |
---------
> 2 1
---------
| X X O |
| O O X |
| X O _ |
---------
> 2 2
This cell is occupied! Choose another one!
> 2 3
This cell is occupied! Choose another one!
> 3 1
---------
| X X O |
| O O X |
| X O X |
---------
0
Draw
?[1;31m
Start test 9?[0m
---------
| _ _ _ |
| _ _ _ |
| _ _ _ |
---------
> 2 2
---------
| _ _ _ |
| _ X _ |
| _ _ _ |
---------
> 4 2
This cell is occupied! Choose another one!
> 4 4
This cell is occupied! Choose another one!
> 1 2
---------
| _ _ _ |
| O X _ |
| _ _ _ |
---------
> 2 4
This cell is occupied! Choose another one!
> 4 2
This cell is occupied! Choose another one!
> 1 1
---------
| _ _ _ |
| O X _ |
| X _ _ |
---------
> 3 1
---------
| _ _ _ |
| O X _ |
| X _ O |
---------
> 2 3
---------
| _ X _ |
| O X _ |
| X _ O |
---------
> 3 3
---------
| _ X O |
| O X _ |
| X _ O |
---------
> 3 3
This cell is occupied! Choose another one!
> 1 1
This cell is occupied! Choose another one!
> 1 2
This cell is occupied! Choose another one!
> 1 3
---------
| X X O |
| O X _ |
| X _ O |
---------
> 2 1
---------
| X X O |
| O X _ |
| X O O |
---------
> 2 2
This cell is occupied! Choose another one!
> 2 3
This cell is occupied! Choose another one!
> 3 1
This cell is occupied! Choose another one!
> 3 2
---------
| X X O |
| O X X |
| X O O |
---------
0
Draw
]]></system-out>
  <system-err><![CDATA[]]></system-err>
</testsuite>
